         400          400            0          400 r tfi sub_posin_alloc
         800          800            0          400 r tfj sub_posin_alloc
        1200         1200            0          400 r tfk sub_posin_alloc
        1600         1600            0          400 r tfl sub_posin_alloc
        2000         2000            0          400 r ttr sub_posin_alloc
        2400         2400            0          400 r tage sub_posin_alloc
        2600         2400          200          200 i igo trajec_seq
        2800         2400          400          200 i i0 trajec_seq
        3000         2400          600          200 i j0 trajec_seq
        3200         2400          800          200 i k0 trajec_seq
        3400         2400         1000          200 i l0 trajec_seq
        3600         2400         1200          200 i i1 trajec_seq
        3800         2400         1400          200 i i2 trajec_seq
        4000         2400         1600          200 i j1 trajec_seq
        4200         2400         1800          200 i j2 trajec_seq
        4400         2400         2000          200 i k1 trajec_seq
        4600         2400         2200          200 i k2 trajec_seq
        4800         2400         2400          200 i iflag trajec_seq
        5000         2400         2600          200 i iperfl trajec_seq
        5200         2400         2800          200 i jperfl trajec_seq
        5400         2400         3000          200 i nfin trajec_seq
        5800         2800         3000          400 r age trajec_seq
        6200         3200         3000          400 r agenew trajec_seq
        6600         3600         3000          400 r truage trajec_seq
        7000         4000         3000          400 r gi trajec_seq
        7400         4400         3000          400 r gj trajec_seq
        7800         4800         3000          400 r gk trajec_seq
        8200         5200         3000          400 r gl trajec_seq
        8600         5600         3000          400 r hi trajec_seq
        9000         6000         3000          400 r hj trajec_seq
        9400         6400         3000          400 r hk trajec_seq
        9800         6800         3000          400 r hl trajec_seq
       10200         7200         3000          400 r tnext trajec_seq
       10600         7600         3000          400 r tswap trajec_seq
       11000         8000         3000          400 r zbuoy trajec_seq
       11400         8400         3000          400 r u trajec_seq
       11800         8800         3000          400 r v trajec_seq
       12200         9200         3000          400 r w trajec_seq
       12600         9600         3000          400 r du trajec_seq
       13000        10000         3000          400 r dv trajec_seq
       13400        10400         3000          400 r dw trajec_seq
       13800        10800         3000          400 r tx trajec_seq
       14200        11200         3000          400 r ty trajec_seq
       14600        11600         3000          400 r tz trajec_seq
       15000        12000         3000          400 r tf trajec_seq
       15400        12400         3000          400 r sf trajec_seq
       15800        12800         3000          400 r rf trajec_seq
       16200        13200         3000          400 r tfac trajec_seq
       16600        13600         3000          400 r ttt trajec_seq
       17000        14000         3000          400 r init_depth trajec_seq
       17400        14400         3000          400 r final_depth trajec_seq
     2876632      2873632         3000      2859232 r xx_tt sub_input_grid_opa
     5735864      5732864         3000      2859232 r dumtab3d sub_read_netcdf_var4d
     8595096      8592096         3000      2859232 r xx_uu sub_input_grid_opa
    11454328     11451328         3000      2859232 r yy_tt sub_input_grid_opa
    14313560     14310560         3000      2859232 r yy_vv sub_input_grid_opa
   128682840    128679840         3000    114369280 r zz_ww sub_input_grid_opa
   243052120    243049120         3000    114369280 r dumtab4d sub_read_netcdf_var4d
   245911352    245908352         3000      2859232 r e2u sub_input_grid_opa
   248770584    248767584         3000      2859232 r e1v sub_input_grid_opa
   251629816    251626816         3000      2859232 r e1t sub_input_grid_opa
   254489048    254486048         3000      2859232 r e2t sub_input_grid_opa
   368858328    368855328         3000    114369280 r e3t sub_input_grid_opa
   483227608    483224608         3000    114369280 r tmask sub_input_grid_opa
   597596888    597593888         3000    114369280 r uu sub_transp_alloc
   711966168    711963168         3000    114369280 r vv sub_transp_alloc
   826335448    826332448         3000    114369280 r ww sub_transp_alloc
   826335460    826332448         3012           12 i ncids sub_seq_alloc
   826335472    826332448         3024           12 i varids sub_seq_alloc
   826335484    826332448         3036           12 i ind_file sub_seq_alloc
   826335496    826332448         3048           12 i ind_time sub_seq_alloc
   826335508    826332448         3060           12 i ind_time_size sub_seq_alloc
   826335556    826332448         3108           48 i sdimsorders sub_seq_alloc
   826335564    826332448         3116            8 i dims_out sub_save_netcdf_data_init_pos
   826335556    826332448         3108           -8 i dims_out sub_save_netcdf_data_init_pos
   826335652    826332448         3204           96 i ind_traj trajec_seq
   826391716    826388512         3204        56064 r array_qual_traj trajec_seq
   826391516    826388512         3004         -200 i igo trajec_seq
   826391316    826388512         2804         -200 i i0 trajec_seq
   826391116    826388512         2604         -200 i j0 trajec_seq
   826390916    826388512         2404         -200 i k0 trajec_seq
   826390716    826388512         2204         -200 i l0 trajec_seq
   826390516    826388512         2004         -200 i i1 trajec_seq
   826390316    826388512         1804         -200 i i2 trajec_seq
   826390116    826388512         1604         -200 i j1 trajec_seq
   826389916    826388512         1404         -200 i j2 trajec_seq
   826389716    826388512         1204         -200 i k1 trajec_seq
   826389516    826388512         1004         -200 i k2 trajec_seq
   826389316    826388512          804         -200 i iflag trajec_seq
   826389116    826388512          604         -200 i iperfl trajec_seq
   826388916    826388512          404         -200 i jperfl trajec_seq
   826388716    826388512          204         -200 i nfin trajec_seq
   826388316    826388112          204         -400 r age trajec_seq
   826387916    826387712          204         -400 r agenew trajec_seq
   826387516    826387312          204         -400 r truage trajec_seq
   826387116    826386912          204         -400 r gi trajec_seq
   826386716    826386512          204         -400 r gj trajec_seq
   826386316    826386112          204         -400 r gk trajec_seq
   826385916    826385712          204         -400 r gl trajec_seq
   826385516    826385312          204         -400 r hi trajec_seq
   826385116    826384912          204         -400 r hj trajec_seq
   826384716    826384512          204         -400 r hk trajec_seq
   826384316    826384112          204         -400 r hl trajec_seq
   826383916    826383712          204         -400 r tnext trajec_seq
   826383516    826383312          204         -400 r tswap trajec_seq
   826383116    826382912          204         -400 r zbuoy trajec_seq
   826382716    826382512          204         -400 r u trajec_seq
   826382316    826382112          204         -400 r v trajec_seq
   826381916    826381712          204         -400 r w trajec_seq
   826381516    826381312          204         -400 r du trajec_seq
   826381116    826380912          204         -400 r dv trajec_seq
   826380716    826380512          204         -400 r dw trajec_seq
   826380316    826380112          204         -400 r tx trajec_seq
   826379916    826379712          204         -400 r ty trajec_seq
   826379516    826379312          204         -400 r tz trajec_seq
   826379116    826378912          204         -400 r tf trajec_seq
   826378716    826378512          204         -400 r sf trajec_seq
   826378316    826378112          204         -400 r rf trajec_seq
   826377916    826377712          204         -400 r tfac trajec_seq
   826377516    826377312          204         -400 r ttt trajec_seq
   826377116    826376912          204         -400 r init_depth trajec_seq
   826376716    826376512          204         -400 r final_depth trajec_seq
   826376620    826376512          108          -96 i ind_traj trajec_seq
   826320556    826320448          108       -56064 r array_qual_traj trajec_seq
   823461324    823461216          108     -2859232 r dumtab3d sub_netcdf_dealloc_mem
   709092044    709091936          108   -114369280 r dumtab4d sub_netcdf_dealloc_mem
   706232812    706232704          108     -2859232 r xx_tt sub_coord_dealloc
   703373580    703373472          108     -2859232 r xx_uu sub_coord_dealloc
   700514348    700514240          108     -2859232 r yy_tt sub_coord_dealloc
   697655116    697655008          108     -2859232 r yy_vv sub_coord_dealloc
   583285836    583285728          108   -114369280 r zz_ww sub_coord_dealloc
   580426604    580426496          108     -2859232 r e1t sub_scalef_dealloc
   577567372    577567264          108     -2859232 r e2t sub_scalef_dealloc
   574708140    574708032          108     -2859232 r e2u sub_scalef_dealloc
   571848908    571848800          108     -2859232 r e1v sub_scalef_dealloc
   457479628    457479520          108   -114369280 r e3t sub_scalef_dealloc
   343110348    343110240          108   -114369280 r uu sub_transp_dealloc
   228741068    228740960          108   -114369280 r vv sub_transp_dealloc
   114371788    114371680          108   -114369280 r ww sub_transp_dealloc
   114371388    114371280          108         -400 r tfi sub_posin_dealloc
   114370988    114370880          108         -400 r tfj sub_posin_dealloc
   114370588    114370480          108         -400 r tfk sub_posin_dealloc
   114370188    114370080          108         -400 r tfl sub_posin_dealloc
   114369788    114369680          108         -400 r ttr sub_posin_dealloc
   114369388    114369280          108         -400 r tage sub_posin_dealloc
         108            0          108   -114369280 r tmask sub_tmask_dealloc
          96            0           96          -12 i ncids sub_seq_dealloc
          84            0           84          -12 i varids sub_seq_dealloc
          72            0           72          -12 i ind_file sub_seq_dealloc
          60            0           60          -12 i ind_time sub_seq_dealloc
          48            0           48          -12 i ind_time_size sub_seq_dealloc
           0            0            0          -48 i sdimsorders sub_seq_dealloc
